TN:
SF:front\build\calculs.js
FN:12,setSeuilRef
FN:16,dayTemperatures
FN:24,resultEntry
FN:32,calculDJU
FN:44,extractTemperatures
FN:67,extractWinterOf
FN:79,calculDJUMoyen
FN:87,calculDJUDecennie
FN:100,calculation
FNF:9
FNH:2
FNDA:2,setSeuilRef
FNDA:0,dayTemperatures
FNDA:0,resultEntry
FNDA:3,calculDJU
FNDA:0,extractTemperatures
FNDA:0,extractWinterOf
FNDA:0,calculDJUMoyen
FNDA:0,calculDJUDecennie
FNDA:0,calculation
DA:1,1
DA:2,1
DA:3,1
DA:4,1
DA:5,1
DA:6,1
DA:7,1
DA:8,1
DA:9,1
DA:10,1
DA:11,1
DA:12,1
DA:13,2
DA:14,2
DA:15,1
DA:16,1
DA:17,0
DA:18,0
DA:19,0
DA:20,0
DA:21,0
DA:22,1
DA:23,1
DA:24,1
DA:25,0
DA:26,0
DA:27,0
DA:28,0
DA:29,0
DA:30,1
DA:31,1
DA:32,1
DA:33,3
DA:34,3
DA:35,1
DA:36,1
DA:37,3
DA:38,1
DA:39,1
DA:40,1
DA:41,1
DA:42,1
DA:43,3
DA:44,1
DA:45,0
DA:46,0
DA:47,0
DA:48,0
DA:49,0
DA:50,0
DA:51,0
DA:52,0
DA:53,0
DA:54,0
DA:55,0
DA:56,0
DA:57,0
DA:58,0
DA:59,0
DA:60,0
DA:61,0
DA:62,0
DA:63,0
DA:64,0
DA:65,0
DA:66,0
DA:67,1
DA:68,0
DA:69,0
DA:70,0
DA:71,0
DA:72,0
DA:73,0
DA:74,0
DA:75,0
DA:76,0
DA:77,0
DA:78,0
DA:79,1
DA:80,0
DA:81,0
DA:82,0
DA:83,0
DA:84,0
DA:85,0
DA:86,0
DA:87,1
DA:88,0
DA:89,0
DA:90,0
DA:91,0
DA:92,0
DA:93,0
DA:94,0
DA:95,0
DA:96,0
DA:97,0
DA:98,0
DA:99,0
DA:100,1
DA:101,0
DA:102,0
DA:103,0
DA:104,0
DA:105,0
DA:106,0
DA:107,1
DA:108,1
DA:109,1
DA:110,1
DA:111,1
DA:112,1
DA:113,1
DA:114,1
DA:115,1
LF:115
LH:47
BRDA:12,0,0,2
BRDA:32,1,0,3
BRDA:34,2,0,1
BRDA:36,3,0,2
BRDA:37,4,0,1
BRF:5
BRH:5
end_of_record
